[2025-08-05 12:03:22] WARN: 404 Not Found  {
  "method": "GET",
  "path": "/api/samples",
  "ip": "::1"
}
[2025-08-05 12:06:36] ERROR: POST /api/samples - Sample data is not found  {
  "name": "AppError",
  "stack": "AppError: Sample data is not found\n    at new AppError (D:\\Workspace\\minpro-finpro\\pwd-template-api\\src\\utils\\app.error.ts:14:11)\n    at SampleController.<anonymous> (D:\\Workspace\\minpro-finpro\\pwd-template-api\\src\\controllers\\sample.controller.ts:24:30)\n    at Generator.next (<anonymous>)\n    at fulfilled (D:\\Workspace\\minpro-finpro\\pwd-template-api\\src\\controllers\\sample.controller.ts:5:58)\n    at processTicksAndRejections (node:internal/process/task_queues:95:5)",
  "path": "/api/samples",
  "method": "POST",
  "ip": "::1",
  "statusCode": 404
}
[2025-10-22 10:27:41] ERROR: POST /api/parent/register - Email already used!  {
  "name": "AppError",
  "stack": "AppError: Email already used!\n    at new AppError (C:\\Hanif (Penting)\\PURWADHIKA\\Project\\tracker-BE\\src\\utils\\app.error.ts:14:11)\n    at AuthService.<anonymous> (C:\\Hanif (Penting)\\PURWADHIKA\\Project\\tracker-BE\\src\\modules\\auth\\auth.service.ts:19:13)\n    at Generator.next (<anonymous>)\n    at fulfilled (C:\\Hanif (Penting)\\PURWADHIKA\\Project\\tracker-BE\\src\\modules\\auth\\auth.service.ts:5:58)",
  "path": "/api/parent/register",
  "method": "POST",
  "ip": "::1",
  "statusCode": 400
}
[2025-10-22 18:11:11] ERROR: POST /api/parent/create-child - parentId must be a UUID,parentId should not be empty  {
  "name": "AppError",
  "stack": "AppError: parentId must be a UUID,parentId should not be empty\n    at new AppError (C:\\Hanif (Penting)\\PURWADHIKA\\Project\\tracker-BE\\src\\utils\\app.error.ts:14:11)\n    at C:\\Hanif (Penting)\\PURWADHIKA\\Project\\tracker-BE\\src\\middlewares\\validate.middleware.ts:18:13\n    at Generator.next (<anonymous>)\n    at fulfilled (C:\\Hanif (Penting)\\PURWADHIKA\\Project\\tracker-BE\\src\\middlewares\\validate.middleware.ts:5:58)",
  "path": "/api/parent/create-child",
  "method": "POST",
  "ip": "::1",
  "statusCode": 400
}
[2025-10-22 18:11:52] ERROR: POST /api/parent/create-child - Only parent can create!  {
  "name": "AppError",
  "stack": "AppError: Only parent can create!\n    at new AppError (C:\\Hanif (Penting)\\PURWADHIKA\\Project\\tracker-BE\\src\\utils\\app.error.ts:14:11)\n    at AuthService.<anonymous> (C:\\Hanif (Penting)\\PURWADHIKA\\Project\\tracker-BE\\src\\modules\\auth\\auth.service.ts:114:13)\n    at Generator.next (<anonymous>)\n    at C:\\Hanif (Penting)\\PURWADHIKA\\Project\\tracker-BE\\src\\modules\\auth\\auth.service.ts:8:71\n    at new Promise (<anonymous>)\n    at __awaiter (C:\\Hanif (Penting)\\PURWADHIKA\\Project\\tracker-BE\\src\\modules\\auth\\auth.service.ts:4:12)\n    at AuthService.createChild (C:\\Hanif (Penting)\\PURWADHIKA\\Project\\tracker-BE\\src\\modules\\auth\\auth.service.ts:112:60)\n    at AuthController.<anonymous> (C:\\Hanif (Penting)\\PURWADHIKA\\Project\\tracker-BE\\src\\modules\\auth\\auth.controller.ts:36:43)\n    at Generator.next (<anonymous>)\n    at C:\\Hanif (Penting)\\PURWADHIKA\\Project\\tracker-BE\\src\\modules\\auth\\auth.controller.ts:8:71",
  "path": "/api/parent/create-child",
  "method": "POST",
  "ip": "::1",
  "statusCode": 400
}
[2025-10-22 18:26:12] WARN: 404 Not Found  {
  "method": "POST",
  "path": "/api/child/login",
  "ip": "::1"
}
[2025-10-23 19:29:11] ERROR: POST /api/parent/register - Email already used!  {
  "name": "AppError",
  "stack": "AppError: Email already used!\n    at new AppError (C:\\Hanif (Penting)\\PURWADHIKA\\Project\\tracker-BE\\src\\utils\\app.error.ts:14:11)\n    at AuthService.<anonymous> (C:\\Hanif (Penting)\\PURWADHIKA\\Project\\tracker-BE\\src\\modules\\auth\\auth.service.ts:29:13)\n    at Generator.next (<anonymous>)\n    at fulfilled (C:\\Hanif (Penting)\\PURWADHIKA\\Project\\tracker-BE\\src\\modules\\auth\\auth.service.ts:5:58)",
  "path": "/api/parent/register",
  "method": "POST",
  "ip": "::1",
  "statusCode": 400
}
[2025-10-23 20:20:43] ERROR: POST /api/parent/register - Email already used!  {
  "name": "AppError",
  "stack": "AppError: Email already used!\n    at new AppError (C:\\Hanif (Penting)\\PURWADHIKA\\Project\\tracker-BE\\src\\utils\\app.error.ts:14:11)\n    at AuthService.<anonymous> (C:\\Hanif (Penting)\\PURWADHIKA\\Project\\tracker-BE\\src\\modules\\auth\\auth.service.ts:29:13)\n    at Generator.next (<anonymous>)\n    at fulfilled (C:\\Hanif (Penting)\\PURWADHIKA\\Project\\tracker-BE\\src\\modules\\auth\\auth.service.ts:5:58)",
  "path": "/api/parent/register",
  "method": "POST",
  "ip": "::1",
  "statusCode": 400
}
[2025-10-23 21:37:28] WARN: 404 Not Found  {
  "method": "POST",
  "path": "/api/parent/set-password/421d2c06609fd3df66946d72801c84a72a5acfa360315ba234c39e9b95478e26",
  "ip": "::1"
}
[2025-10-23 21:37:33] WARN: 404 Not Found  {
  "method": "POST",
  "path": "/api/parent/set-password/421d2c06609fd3df66946d72801c84a72a5acfa360315ba234c39e9b95478e26",
  "ip": "::1"
}
[2025-10-23 21:40:20] WARN: 404 Not Found  {
  "method": "POST",
  "path": "/api/parent/set-password/421d2c06609fd3df66946d72801c84a72a5acfa360315ba234c39e9b95478e26",
  "ip": "::1"
}
[2025-10-23 21:40:23] WARN: 404 Not Found  {
  "method": "POST",
  "path": "/api/parent/set-password/421d2c06609fd3df66946d72801c84a72a5acfa360315ba234c39e9b95478e26",
  "ip": "::1"
}
[2025-10-23 21:40:23] WARN: 404 Not Found  {
  "method": "POST",
  "path": "/api/parent/set-password/421d2c06609fd3df66946d72801c84a72a5acfa360315ba234c39e9b95478e26",
  "ip": "::1"
}
[2025-10-23 21:40:23] WARN: 404 Not Found  {
  "method": "POST",
  "path": "/api/parent/set-password/421d2c06609fd3df66946d72801c84a72a5acfa360315ba234c39e9b95478e26",
  "ip": "::1"
}
[2025-10-23 21:40:23] WARN: 404 Not Found  {
  "method": "POST",
  "path": "/api/parent/set-password/421d2c06609fd3df66946d72801c84a72a5acfa360315ba234c39e9b95478e26",
  "ip": "::1"
}
[2025-10-23 21:40:23] WARN: 404 Not Found  {
  "method": "POST",
  "path": "/api/parent/set-password/421d2c06609fd3df66946d72801c84a72a5acfa360315ba234c39e9b95478e26",
  "ip": "::1"
}
[2025-10-23 21:40:23] WARN: 404 Not Found  {
  "method": "POST",
  "path": "/api/parent/set-password/421d2c06609fd3df66946d72801c84a72a5acfa360315ba234c39e9b95478e26",
  "ip": "::1"
}
[2025-10-23 21:41:02] WARN: 404 Not Found  {
  "method": "POST",
  "path": "/api/parent/set-password/421d2c06609fd3df66946d72801c84a72a5acfa360315ba234c39e9b95478e26",
  "ip": "::1"
}
[2025-10-24 07:48:40] ERROR: POST /api/parent/login - Invalid Password!  {
  "name": "AppError",
  "stack": "AppError: Invalid Password!\n    at new AppError (C:\\Hanif (Penting)\\PURWADHIKA\\Project\\tracker-BE\\src\\utils\\app.error.ts:14:11)\n    at AuthService.<anonymous> (C:\\Hanif (Penting)\\PURWADHIKA\\Project\\tracker-BE\\src\\modules\\auth\\auth.service.ts:106:13)\n    at Generator.next (<anonymous>)\n    at fulfilled (C:\\Hanif (Penting)\\PURWADHIKA\\Project\\tracker-BE\\src\\modules\\auth\\auth.service.ts:5:58)",
  "path": "/api/parent/login",
  "method": "POST",
  "ip": "::1",
  "statusCode": 400
}
[2025-10-24 11:01:19] ERROR: POST /api/auth/refresh - No refresh token  {
  "name": "AppError",
  "stack": "AppError: No refresh token\n    at new AppError (C:\\Hanif (Penting)\\PURWADHIKA\\Project\\tracker-BE\\src\\utils\\app.error.ts:14:11)\n    at AuthController.<anonymous> (C:\\Hanif (Penting)\\PURWADHIKA\\Project\\tracker-BE\\src\\modules\\auth\\auth.controller.ts:52:21)\n    at Generator.next (<anonymous>)\n    at C:\\Hanif (Penting)\\PURWADHIKA\\Project\\tracker-BE\\src\\modules\\auth\\auth.controller.ts:8:71\n    at new Promise (<anonymous>)\n    at __awaiter (C:\\Hanif (Penting)\\PURWADHIKA\\Project\\tracker-BE\\src\\modules\\auth\\auth.controller.ts:4:12)\n    at AuthController.parentRefresh (C:\\Hanif (Penting)\\PURWADHIKA\\Project\\tracker-BE\\src\\modules\\auth\\auth.controller.ts:50:57)\n    at Layer.handleRequest (C:\\Hanif (Penting)\\PURWADHIKA\\Project\\tracker-BE\\node_modules\\router\\lib\\layer.js:152:17)\n    at next (C:\\Hanif (Penting)\\PURWADHIKA\\Project\\tracker-BE\\node_modules\\router\\lib\\route.js:157:13)\n    at Route.dispatch (C:\\Hanif (Penting)\\PURWADHIKA\\Project\\tracker-BE\\node_modules\\router\\lib\\route.js:117:3)",
  "path": "/api/auth/refresh",
  "method": "POST",
  "ip": "::1",
  "statusCode": 401
}
[2025-10-24 11:01:47] ERROR: POST /api/auth/refresh - No refresh token  {
  "name": "AppError",
  "stack": "AppError: No refresh token\n    at new AppError (C:\\Hanif (Penting)\\PURWADHIKA\\Project\\tracker-BE\\src\\utils\\app.error.ts:14:11)\n    at AuthController.<anonymous> (C:\\Hanif (Penting)\\PURWADHIKA\\Project\\tracker-BE\\src\\modules\\auth\\auth.controller.ts:52:21)\n    at Generator.next (<anonymous>)\n    at C:\\Hanif (Penting)\\PURWADHIKA\\Project\\tracker-BE\\src\\modules\\auth\\auth.controller.ts:8:71\n    at new Promise (<anonymous>)\n    at __awaiter (C:\\Hanif (Penting)\\PURWADHIKA\\Project\\tracker-BE\\src\\modules\\auth\\auth.controller.ts:4:12)\n    at AuthController.parentRefresh (C:\\Hanif (Penting)\\PURWADHIKA\\Project\\tracker-BE\\src\\modules\\auth\\auth.controller.ts:50:57)\n    at Layer.handleRequest (C:\\Hanif (Penting)\\PURWADHIKA\\Project\\tracker-BE\\node_modules\\router\\lib\\layer.js:152:17)\n    at next (C:\\Hanif (Penting)\\PURWADHIKA\\Project\\tracker-BE\\node_modules\\router\\lib\\route.js:157:13)\n    at Route.dispatch (C:\\Hanif (Penting)\\PURWADHIKA\\Project\\tracker-BE\\node_modules\\router\\lib\\route.js:117:3)",
  "path": "/api/auth/refresh",
  "method": "POST",
  "ip": "::1",
  "statusCode": 401
}
[2025-10-26 09:37:37] ERROR: POST /api/parent/register - Email already used!  {
  "name": "AppError",
  "stack": "AppError: Email already used!\n    at new AppError (C:\\Hanif (Penting)\\PURWADHIKA\\Project\\tracker-BE\\src\\utils\\app.error.ts:14:11)\n    at AuthService.<anonymous> (C:\\Hanif (Penting)\\PURWADHIKA\\Project\\tracker-BE\\src\\modules\\auth\\auth.service.ts:33:13)\n    at Generator.next (<anonymous>)\n    at fulfilled (C:\\Hanif (Penting)\\PURWADHIKA\\Project\\tracker-BE\\src\\modules\\auth\\auth.service.ts:5:58)",
  "path": "/api/parent/register",
  "method": "POST",
  "ip": "::1",
  "statusCode": 400
}
[2025-10-26 09:43:25] ERROR: POST /api/child/login - familyCode should not be empty  {
  "name": "AppError",
  "stack": "AppError: familyCode should not be empty\n    at new AppError (C:\\Hanif (Penting)\\PURWADHIKA\\Project\\tracker-BE\\src\\utils\\app.error.ts:14:11)\n    at C:\\Hanif (Penting)\\PURWADHIKA\\Project\\tracker-BE\\src\\middlewares\\validate.middleware.ts:18:13\n    at Generator.next (<anonymous>)\n    at fulfilled (C:\\Hanif (Penting)\\PURWADHIKA\\Project\\tracker-BE\\src\\middlewares\\validate.middleware.ts:5:58)",
  "path": "/api/child/login",
  "method": "POST",
  "ip": "::1",
  "statusCode": 400
}
[2025-10-26 09:43:46] ERROR: POST /api/child/login - Account not activated!  {
  "name": "AppError",
  "stack": "AppError: Account not activated!\n    at new AppError (C:\\Hanif (Penting)\\PURWADHIKA\\Project\\tracker-BE\\src\\utils\\app.error.ts:14:11)\n    at AuthService.<anonymous> (C:\\Hanif (Penting)\\PURWADHIKA\\Project\\tracker-BE\\src\\modules\\auth\\auth.service.ts:197:13)\n    at Generator.next (<anonymous>)\n    at fulfilled (C:\\Hanif (Penting)\\PURWADHIKA\\Project\\tracker-BE\\src\\modules\\auth\\auth.service.ts:5:58)",
  "path": "/api/child/login",
  "method": "POST",
  "ip": "::1",
  "statusCode": 400
}
[2025-10-26 09:45:19] ERROR: POST /api/child/login - Account not activated!  {
  "name": "AppError",
  "stack": "AppError: Account not activated!\n    at new AppError (C:\\Hanif (Penting)\\PURWADHIKA\\Project\\tracker-BE\\src\\utils\\app.error.ts:14:11)\n    at AuthService.<anonymous> (C:\\Hanif (Penting)\\PURWADHIKA\\Project\\tracker-BE\\src\\modules\\auth\\auth.service.ts:197:13)\n    at Generator.next (<anonymous>)\n    at fulfilled (C:\\Hanif (Penting)\\PURWADHIKA\\Project\\tracker-BE\\src\\modules\\auth\\auth.service.ts:5:58)",
  "path": "/api/child/login",
  "method": "POST",
  "ip": "::1",
  "statusCode": 400
}
[2025-10-26 09:45:31] ERROR: POST /api/child/login - Account not activated!  {
  "name": "AppError",
  "stack": "AppError: Account not activated!\n    at new AppError (C:\\Hanif (Penting)\\PURWADHIKA\\Project\\tracker-BE\\src\\utils\\app.error.ts:14:11)\n    at AuthService.<anonymous> (C:\\Hanif (Penting)\\PURWADHIKA\\Project\\tracker-BE\\src\\modules\\auth\\auth.service.ts:197:13)\n    at Generator.next (<anonymous>)\n    at fulfilled (C:\\Hanif (Penting)\\PURWADHIKA\\Project\\tracker-BE\\src\\modules\\auth\\auth.service.ts:5:58)",
  "path": "/api/child/login",
  "method": "POST",
  "ip": "::1",
  "statusCode": 400
}
[2025-10-26 09:45:32] ERROR: POST /api/child/login - Account not activated!  {
  "name": "AppError",
  "stack": "AppError: Account not activated!\n    at new AppError (C:\\Hanif (Penting)\\PURWADHIKA\\Project\\tracker-BE\\src\\utils\\app.error.ts:14:11)\n    at AuthService.<anonymous> (C:\\Hanif (Penting)\\PURWADHIKA\\Project\\tracker-BE\\src\\modules\\auth\\auth.service.ts:197:13)\n    at Generator.next (<anonymous>)\n    at fulfilled (C:\\Hanif (Penting)\\PURWADHIKA\\Project\\tracker-BE\\src\\modules\\auth\\auth.service.ts:5:58)",
  "path": "/api/child/login",
  "method": "POST",
  "ip": "::1",
  "statusCode": 400
}
[2025-10-26 09:47:01] ERROR: POST /api/child/login - Account not activated!  {
  "name": "AppError",
  "stack": "AppError: Account not activated!\n    at new AppError (C:\\Hanif (Penting)\\PURWADHIKA\\Project\\tracker-BE\\src\\utils\\app.error.ts:14:11)\n    at AuthService.<anonymous> (C:\\Hanif (Penting)\\PURWADHIKA\\Project\\tracker-BE\\src\\modules\\auth\\auth.service.ts:197:13)\n    at Generator.next (<anonymous>)\n    at fulfilled (C:\\Hanif (Penting)\\PURWADHIKA\\Project\\tracker-BE\\src\\modules\\auth\\auth.service.ts:5:58)",
  "path": "/api/child/login",
  "method": "POST",
  "ip": "::1",
  "statusCode": 400
}
[2025-10-26 09:48:42] ERROR: POST /api/child/login - Account not activated!  {
  "name": "AppError",
  "stack": "AppError: Account not activated!\n    at new AppError (C:\\Hanif (Penting)\\PURWADHIKA\\Project\\tracker-BE\\src\\utils\\app.error.ts:14:11)\n    at AuthService.<anonymous> (C:\\Hanif (Penting)\\PURWADHIKA\\Project\\tracker-BE\\src\\modules\\auth\\auth.service.ts:201:13)\n    at Generator.next (<anonymous>)\n    at fulfilled (C:\\Hanif (Penting)\\PURWADHIKA\\Project\\tracker-BE\\src\\modules\\auth\\auth.service.ts:5:58)",
  "path": "/api/child/login",
  "method": "POST",
  "ip": "::1",
  "statusCode": 400
}
[2025-10-26 09:48:45] ERROR: POST /api/child/login - Account not activated!  {
  "name": "AppError",
  "stack": "AppError: Account not activated!\n    at new AppError (C:\\Hanif (Penting)\\PURWADHIKA\\Project\\tracker-BE\\src\\utils\\app.error.ts:14:11)\n    at AuthService.<anonymous> (C:\\Hanif (Penting)\\PURWADHIKA\\Project\\tracker-BE\\src\\modules\\auth\\auth.service.ts:201:13)\n    at Generator.next (<anonymous>)\n    at fulfilled (C:\\Hanif (Penting)\\PURWADHIKA\\Project\\tracker-BE\\src\\modules\\auth\\auth.service.ts:5:58)",
  "path": "/api/child/login",
  "method": "POST",
  "ip": "::1",
  "statusCode": 400
}
[2025-10-26 09:48:51] ERROR: POST /api/child/login - Account not activated!  {
  "name": "AppError",
  "stack": "AppError: Account not activated!\n    at new AppError (C:\\Hanif (Penting)\\PURWADHIKA\\Project\\tracker-BE\\src\\utils\\app.error.ts:14:11)\n    at AuthService.<anonymous> (C:\\Hanif (Penting)\\PURWADHIKA\\Project\\tracker-BE\\src\\modules\\auth\\auth.service.ts:201:13)\n    at Generator.next (<anonymous>)\n    at fulfilled (C:\\Hanif (Penting)\\PURWADHIKA\\Project\\tracker-BE\\src\\modules\\auth\\auth.service.ts:5:58)",
  "path": "/api/child/login",
  "method": "POST",
  "ip": "::1",
  "statusCode": 400
}
[2025-10-26 09:50:00] ERROR: POST /api/child/login - Account not activated!  {
  "name": "AppError",
  "stack": "AppError: Account not activated!\n    at new AppError (C:\\Hanif (Penting)\\PURWADHIKA\\Project\\tracker-BE\\src\\utils\\app.error.ts:14:11)\n    at AuthService.<anonymous> (C:\\Hanif (Penting)\\PURWADHIKA\\Project\\tracker-BE\\src\\modules\\auth\\auth.service.ts:201:13)\n    at Generator.next (<anonymous>)\n    at fulfilled (C:\\Hanif (Penting)\\PURWADHIKA\\Project\\tracker-BE\\src\\modules\\auth\\auth.service.ts:5:58)",
  "path": "/api/child/login",
  "method": "POST",
  "ip": "::1",
  "statusCode": 400
}
[2025-10-26 09:51:22] ERROR: POST /api/child/login - Account not activated!  {
  "name": "AppError",
  "stack": "AppError: Account not activated!\n    at new AppError (C:\\Hanif (Penting)\\PURWADHIKA\\Project\\tracker-BE\\src\\utils\\app.error.ts:14:11)\n    at AuthService.<anonymous> (C:\\Hanif (Penting)\\PURWADHIKA\\Project\\tracker-BE\\src\\modules\\auth\\auth.service.ts:203:13)\n    at Generator.next (<anonymous>)\n    at fulfilled (C:\\Hanif (Penting)\\PURWADHIKA\\Project\\tracker-BE\\src\\modules\\auth\\auth.service.ts:5:58)",
  "path": "/api/child/login",
  "method": "POST",
  "ip": "::1",
  "statusCode": 400
}
[2025-10-26 09:54:24] ERROR: POST /api/child/login - Account not activated!  {
  "name": "AppError",
  "stack": "AppError: Account not activated!\n    at new AppError (C:\\Hanif (Penting)\\PURWADHIKA\\Project\\tracker-BE\\src\\utils\\app.error.ts:14:11)\n    at AuthService.<anonymous> (C:\\Hanif (Penting)\\PURWADHIKA\\Project\\tracker-BE\\src\\modules\\auth\\auth.service.ts:201:13)\n    at Generator.next (<anonymous>)\n    at fulfilled (C:\\Hanif (Penting)\\PURWADHIKA\\Project\\tracker-BE\\src\\modules\\auth\\auth.service.ts:5:58)",
  "path": "/api/child/login",
  "method": "POST",
  "ip": "::1",
  "statusCode": 400
}
[2025-10-26 09:58:22] ERROR: POST /api/parent/create-child - ParentId must be provide!  {
  "name": "AppError",
  "stack": "AppError: ParentId must be provide!\n    at new AppError (C:\\Hanif (Penting)\\PURWADHIKA\\Project\\tracker-BE\\src\\utils\\app.error.ts:14:11)\n    at AuthService.<anonymous> (C:\\Hanif (Penting)\\PURWADHIKA\\Project\\tracker-BE\\src\\modules\\auth\\auth.service.ts:140:13)\n    at Generator.next (<anonymous>)\n    at fulfilled (C:\\Hanif (Penting)\\PURWADHIKA\\Project\\tracker-BE\\src\\modules\\auth\\auth.service.ts:5:58)",
  "path": "/api/parent/create-child",
  "method": "POST",
  "ip": "::1",
  "statusCode": 400
}
[2025-10-26 09:59:56] ERROR: POST /api/parent/create-child - ParentId must be provide!  {
  "name": "AppError",
  "stack": "AppError: ParentId must be provide!\n    at new AppError (C:\\Hanif (Penting)\\PURWADHIKA\\Project\\tracker-BE\\src\\utils\\app.error.ts:14:11)\n    at AuthService.<anonymous> (C:\\Hanif (Penting)\\PURWADHIKA\\Project\\tracker-BE\\src\\modules\\auth\\auth.service.ts:140:13)\n    at Generator.next (<anonymous>)\n    at fulfilled (C:\\Hanif (Penting)\\PURWADHIKA\\Project\\tracker-BE\\src\\modules\\auth\\auth.service.ts:5:58)",
  "path": "/api/parent/create-child",
  "method": "POST",
  "ip": "::1",
  "statusCode": 400
}
[2025-10-26 10:00:51] ERROR: POST /api/parent/create-child - ParentId must be provide!  {
  "name": "AppError",
  "stack": "AppError: ParentId must be provide!\n    at new AppError (C:\\Hanif (Penting)\\PURWADHIKA\\Project\\tracker-BE\\src\\utils\\app.error.ts:14:11)\n    at AuthService.<anonymous> (C:\\Hanif (Penting)\\PURWADHIKA\\Project\\tracker-BE\\src\\modules\\auth\\auth.service.ts:140:13)\n    at Generator.next (<anonymous>)\n    at fulfilled (C:\\Hanif (Penting)\\PURWADHIKA\\Project\\tracker-BE\\src\\modules\\auth\\auth.service.ts:5:58)",
  "path": "/api/parent/create-child",
  "method": "POST",
  "ip": "::1",
  "statusCode": 400
}
[2025-10-26 12:31:07] ERROR: PATCH /api/child/pairing - Code must be provide!  {
  "name": "AppError",
  "stack": "AppError: Code must be provide!\n    at new AppError (C:\\Hanif (Penting)\\PURWADHIKA\\Project\\tracker-BE\\src\\utils\\app.error.ts:14:11)\n    at AuthService.<anonymous> (C:\\Hanif (Penting)\\PURWADHIKA\\Project\\tracker-BE\\src\\modules\\auth\\auth.service.ts:169:13)\n    at Generator.next (<anonymous>)\n    at fulfilled (C:\\Hanif (Penting)\\PURWADHIKA\\Project\\tracker-BE\\src\\modules\\auth\\auth.service.ts:5:58)",
  "path": "/api/child/pairing",
  "method": "PATCH",
  "ip": "::1",
  "statusCode": 400
}
[2025-10-26 12:31:30] ERROR: POST /api/parent/create-child - jwt expired  {
  "name": "TokenExpiredError",
  "stack": "TokenExpiredError: jwt expired\n    at C:\\Hanif (Penting)\\PURWADHIKA\\Project\\tracker-BE\\node_modules\\jsonwebtoken\\verify.js:190:21\n    at getSecret (C:\\Hanif (Penting)\\PURWADHIKA\\Project\\tracker-BE\\node_modules\\jsonwebtoken\\verify.js:97:14)\n    at Object.module.exports [as verify] (C:\\Hanif (Penting)\\PURWADHIKA\\Project\\tracker-BE\\node_modules\\jsonwebtoken\\verify.js:101:10)\n    at C:\\Hanif (Penting)\\PURWADHIKA\\Project\\tracker-BE\\src\\middlewares\\jwt-verify.middleware.ts:11:33\n    at Generator.next (<anonymous>)\n    at C:\\Hanif (Penting)\\PURWADHIKA\\Project\\tracker-BE\\src\\middlewares\\jwt-verify.middleware.ts:8:71\n    at new Promise (<anonymous>)\n    at __awaiter (C:\\Hanif (Penting)\\PURWADHIKA\\Project\\tracker-BE\\src\\middlewares\\jwt-verify.middleware.ts:4:12)\n    at verifyToken (C:\\Hanif (Penting)\\PURWADHIKA\\Project\\tracker-BE\\src\\middlewares\\jwt-verify.middleware.ts:20:16)\n    at Layer.handleRequest (C:\\Hanif (Penting)\\PURWADHIKA\\Project\\tracker-BE\\node_modules\\router\\lib\\layer.js:152:17)",
  "path": "/api/parent/create-child",
  "method": "POST",
  "ip": "::1",
  "statusCode": 401
}
[2025-10-26 12:31:51] ERROR: POST /api/parent/create-child - User role unauthorized access  {
  "name": "AppError",
  "stack": "AppError: User role unauthorized access\n    at new AppError (C:\\Hanif (Penting)\\PURWADHIKA\\Project\\tracker-BE\\src\\utils\\app.error.ts:14:11)\n    at Function.<anonymous> (C:\\Hanif (Penting)\\PURWADHIKA\\Project\\tracker-BE\\src\\middlewares\\jwt-verify.middleware.ts:25:17)\n    at Generator.next (<anonymous>)\n    at C:\\Hanif (Penting)\\PURWADHIKA\\Project\\tracker-BE\\src\\middlewares\\jwt-verify.middleware.ts:8:71\n    at new Promise (<anonymous>)\n    at __awaiter (C:\\Hanif (Penting)\\PURWADHIKA\\Project\\tracker-BE\\src\\middlewares\\jwt-verify.middleware.ts:4:12)\n    at C:\\Hanif (Penting)\\PURWADHIKA\\Project\\tracker-BE\\src\\middlewares\\jwt-verify.middleware.ts:20:70\n    at Layer.handleRequest (C:\\Hanif (Penting)\\PURWADHIKA\\Project\\tracker-BE\\node_modules\\router\\lib\\layer.js:152:17)\n    at next (C:\\Hanif (Penting)\\PURWADHIKA\\Project\\tracker-BE\\node_modules\\router\\lib\\route.js:157:13)\n    at C:\\Hanif (Penting)\\PURWADHIKA\\Project\\tracker-BE\\src\\middlewares\\jwt-verify.middleware.ts:13:7",
  "path": "/api/parent/create-child",
  "method": "POST",
  "ip": "::1",
  "statusCode": 401
}
[2025-10-26 12:33:01] ERROR: PATCH /api/child/pairing - Invalid PIN!  {
  "name": "AppError",
  "stack": "AppError: Invalid PIN!\n    at new AppError (C:\\Hanif (Penting)\\PURWADHIKA\\Project\\tracker-BE\\src\\utils\\app.error.ts:14:11)\n    at AuthService.<anonymous> (C:\\Hanif (Penting)\\PURWADHIKA\\Project\\tracker-BE\\src\\modules\\auth\\auth.service.ts:188:13)\n    at Generator.next (<anonymous>)\n    at fulfilled (C:\\Hanif (Penting)\\PURWADHIKA\\Project\\tracker-BE\\src\\modules\\auth\\auth.service.ts:5:58)",
  "path": "/api/child/pairing",
  "method": "PATCH",
  "ip": "::1",
  "statusCode": 401
}
[2025-10-26 12:33:04] ERROR: PATCH /api/child/pairing - Invalid PIN!  {
  "name": "AppError",
  "stack": "AppError: Invalid PIN!\n    at new AppError (C:\\Hanif (Penting)\\PURWADHIKA\\Project\\tracker-BE\\src\\utils\\app.error.ts:14:11)\n    at AuthService.<anonymous> (C:\\Hanif (Penting)\\PURWADHIKA\\Project\\tracker-BE\\src\\modules\\auth\\auth.service.ts:188:13)\n    at Generator.next (<anonymous>)\n    at fulfilled (C:\\Hanif (Penting)\\PURWADHIKA\\Project\\tracker-BE\\src\\modules\\auth\\auth.service.ts:5:58)",
  "path": "/api/child/pairing",
  "method": "PATCH",
  "ip": "::1",
  "statusCode": 401
}
[2025-10-26 12:33:05] ERROR: PATCH /api/child/pairing - Invalid PIN!  {
  "name": "AppError",
  "stack": "AppError: Invalid PIN!\n    at new AppError (C:\\Hanif (Penting)\\PURWADHIKA\\Project\\tracker-BE\\src\\utils\\app.error.ts:14:11)\n    at AuthService.<anonymous> (C:\\Hanif (Penting)\\PURWADHIKA\\Project\\tracker-BE\\src\\modules\\auth\\auth.service.ts:188:13)\n    at Generator.next (<anonymous>)\n    at fulfilled (C:\\Hanif (Penting)\\PURWADHIKA\\Project\\tracker-BE\\src\\modules\\auth\\auth.service.ts:5:58)",
  "path": "/api/child/pairing",
  "method": "PATCH",
  "ip": "::1",
  "statusCode": 401
}
[2025-10-26 12:33:07] ERROR: PATCH /api/child/pairing - Invalid PIN!  {
  "name": "AppError",
  "stack": "AppError: Invalid PIN!\n    at new AppError (C:\\Hanif (Penting)\\PURWADHIKA\\Project\\tracker-BE\\src\\utils\\app.error.ts:14:11)\n    at AuthService.<anonymous> (C:\\Hanif (Penting)\\PURWADHIKA\\Project\\tracker-BE\\src\\modules\\auth\\auth.service.ts:188:13)\n    at Generator.next (<anonymous>)\n    at fulfilled (C:\\Hanif (Penting)\\PURWADHIKA\\Project\\tracker-BE\\src\\modules\\auth\\auth.service.ts:5:58)",
  "path": "/api/child/pairing",
  "method": "PATCH",
  "ip": "::1",
  "statusCode": 401
}
[2025-10-26 12:33:08] ERROR: PATCH /api/child/pairing - Invalid PIN!  {
  "name": "AppError",
  "stack": "AppError: Invalid PIN!\n    at new AppError (C:\\Hanif (Penting)\\PURWADHIKA\\Project\\tracker-BE\\src\\utils\\app.error.ts:14:11)\n    at AuthService.<anonymous> (C:\\Hanif (Penting)\\PURWADHIKA\\Project\\tracker-BE\\src\\modules\\auth\\auth.service.ts:188:13)\n    at Generator.next (<anonymous>)\n    at fulfilled (C:\\Hanif (Penting)\\PURWADHIKA\\Project\\tracker-BE\\src\\modules\\auth\\auth.service.ts:5:58)",
  "path": "/api/child/pairing",
  "method": "PATCH",
  "ip": "::1",
  "statusCode": 401
}
[2025-10-26 12:33:09] ERROR: PATCH /api/child/pairing - Too many attempts. Try again later.  {
  "name": "AppError",
  "stack": "AppError: Too many attempts. Try again later.\n    at new AppError (C:\\Hanif (Penting)\\PURWADHIKA\\Project\\tracker-BE\\src\\utils\\app.error.ts:14:11)\n    at C:\\Hanif (Penting)\\PURWADHIKA\\Project\\tracker-BE\\src\\lib\\limiter.ts:17:11\n    at Generator.next (<anonymous>)\n    at C:\\Hanif (Penting)\\PURWADHIKA\\Project\\tracker-BE\\src\\lib\\limiter.ts:8:71\n    at new Promise (<anonymous>)\n    at __awaiter (C:\\Hanif (Penting)\\PURWADHIKA\\Project\\tracker-BE\\src\\lib\\limiter.ts:4:12)\n    at assertNotLocked (C:\\Hanif (Penting)\\PURWADHIKA\\Project\\tracker-BE\\src\\lib\\limiter.ts:34:12)\n    at AuthService.<anonymous> (C:\\Hanif (Penting)\\PURWADHIKA\\Project\\tracker-BE\\src\\modules\\auth\\auth.service.ts:180:26)\n    at Generator.next (<anonymous>)\n    at fulfilled (C:\\Hanif (Penting)\\PURWADHIKA\\Project\\tracker-BE\\src\\modules\\auth\\auth.service.ts:5:58)",
  "path": "/api/child/pairing",
  "method": "PATCH",
  "ip": "::1",
  "statusCode": 401
}
[2025-10-26 12:33:10] ERROR: PATCH /api/child/pairing - Too many attempts. Try again later.  {
  "name": "AppError",
  "stack": "AppError: Too many attempts. Try again later.\n    at new AppError (C:\\Hanif (Penting)\\PURWADHIKA\\Project\\tracker-BE\\src\\utils\\app.error.ts:14:11)\n    at C:\\Hanif (Penting)\\PURWADHIKA\\Project\\tracker-BE\\src\\lib\\limiter.ts:17:11\n    at Generator.next (<anonymous>)\n    at C:\\Hanif (Penting)\\PURWADHIKA\\Project\\tracker-BE\\src\\lib\\limiter.ts:8:71\n    at new Promise (<anonymous>)\n    at __awaiter (C:\\Hanif (Penting)\\PURWADHIKA\\Project\\tracker-BE\\src\\lib\\limiter.ts:4:12)\n    at assertNotLocked (C:\\Hanif (Penting)\\PURWADHIKA\\Project\\tracker-BE\\src\\lib\\limiter.ts:34:12)\n    at AuthService.<anonymous> (C:\\Hanif (Penting)\\PURWADHIKA\\Project\\tracker-BE\\src\\modules\\auth\\auth.service.ts:180:26)\n    at Generator.next (<anonymous>)\n    at fulfilled (C:\\Hanif (Penting)\\PURWADHIKA\\Project\\tracker-BE\\src\\modules\\auth\\auth.service.ts:5:58)",
  "path": "/api/child/pairing",
  "method": "PATCH",
  "ip": "::1",
  "statusCode": 401
}
[2025-10-26 12:38:45] ERROR: PATCH /api/child/pairing - Too many attempts. Try again later.  {
  "name": "AppError",
  "stack": "AppError: Too many attempts. Try again later.\n    at new AppError (C:\\Hanif (Penting)\\PURWADHIKA\\Project\\tracker-BE\\src\\utils\\app.error.ts:14:11)\n    at C:\\Hanif (Penting)\\PURWADHIKA\\Project\\tracker-BE\\src\\lib\\limiter.ts:17:11\n    at Generator.next (<anonymous>)\n    at C:\\Hanif (Penting)\\PURWADHIKA\\Project\\tracker-BE\\src\\lib\\limiter.ts:8:71\n    at new Promise (<anonymous>)\n    at __awaiter (C:\\Hanif (Penting)\\PURWADHIKA\\Project\\tracker-BE\\src\\lib\\limiter.ts:4:12)\n    at assertNotLocked (C:\\Hanif (Penting)\\PURWADHIKA\\Project\\tracker-BE\\src\\lib\\limiter.ts:34:12)\n    at AuthService.<anonymous> (C:\\Hanif (Penting)\\PURWADHIKA\\Project\\tracker-BE\\src\\modules\\auth\\auth.service.ts:180:26)\n    at Generator.next (<anonymous>)\n    at fulfilled (C:\\Hanif (Penting)\\PURWADHIKA\\Project\\tracker-BE\\src\\modules\\auth\\auth.service.ts:5:58)",
  "path": "/api/child/pairing",
  "method": "PATCH",
  "ip": "::1",
  "statusCode": 401
}
[2025-10-26 13:10:33] ERROR: POST /api/parent/register - Email already used!  {
  "name": "AppError",
  "stack": "AppError: Email already used!\n    at new AppError (C:\\Hanif (Penting)\\PURWADHIKA\\Project\\tracker-BE\\src\\utils\\app.error.ts:14:11)\n    at AuthService.<anonymous> (C:\\Hanif (Penting)\\PURWADHIKA\\Project\\tracker-BE\\src\\modules\\auth\\auth.service.ts:38:13)\n    at Generator.next (<anonymous>)\n    at fulfilled (C:\\Hanif (Penting)\\PURWADHIKA\\Project\\tracker-BE\\src\\modules\\auth\\auth.service.ts:5:58)",
  "path": "/api/parent/register",
  "method": "POST",
  "ip": "::1",
  "statusCode": 400
}
[2025-10-26 13:10:35] ERROR: POST /api/parent/register - Email already used!  {
  "name": "AppError",
  "stack": "AppError: Email already used!\n    at new AppError (C:\\Hanif (Penting)\\PURWADHIKA\\Project\\tracker-BE\\src\\utils\\app.error.ts:14:11)\n    at AuthService.<anonymous> (C:\\Hanif (Penting)\\PURWADHIKA\\Project\\tracker-BE\\src\\modules\\auth\\auth.service.ts:38:13)\n    at Generator.next (<anonymous>)\n    at fulfilled (C:\\Hanif (Penting)\\PURWADHIKA\\Project\\tracker-BE\\src\\modules\\auth\\auth.service.ts:5:58)",
  "path": "/api/parent/register",
  "method": "POST",
  "ip": "::1",
  "statusCode": 400
}
[2025-10-26 13:10:36] ERROR: POST /api/parent/register - Email already used!  {
  "name": "AppError",
  "stack": "AppError: Email already used!\n    at new AppError (C:\\Hanif (Penting)\\PURWADHIKA\\Project\\tracker-BE\\src\\utils\\app.error.ts:14:11)\n    at AuthService.<anonymous> (C:\\Hanif (Penting)\\PURWADHIKA\\Project\\tracker-BE\\src\\modules\\auth\\auth.service.ts:38:13)\n    at Generator.next (<anonymous>)\n    at fulfilled (C:\\Hanif (Penting)\\PURWADHIKA\\Project\\tracker-BE\\src\\modules\\auth\\auth.service.ts:5:58)",
  "path": "/api/parent/register",
  "method": "POST",
  "ip": "::1",
  "statusCode": 400
}
[2025-10-26 13:10:37] ERROR: POST /api/parent/register - Email already used!  {
  "name": "AppError",
  "stack": "AppError: Email already used!\n    at new AppError (C:\\Hanif (Penting)\\PURWADHIKA\\Project\\tracker-BE\\src\\utils\\app.error.ts:14:11)\n    at AuthService.<anonymous> (C:\\Hanif (Penting)\\PURWADHIKA\\Project\\tracker-BE\\src\\modules\\auth\\auth.service.ts:38:13)\n    at Generator.next (<anonymous>)\n    at fulfilled (C:\\Hanif (Penting)\\PURWADHIKA\\Project\\tracker-BE\\src\\modules\\auth\\auth.service.ts:5:58)",
  "path": "/api/parent/register",
  "method": "POST",
  "ip": "::1",
  "statusCode": 400
}
[2025-10-26 13:10:38] ERROR: POST /api/parent/register - Email already used!  {
  "name": "AppError",
  "stack": "AppError: Email already used!\n    at new AppError (C:\\Hanif (Penting)\\PURWADHIKA\\Project\\tracker-BE\\src\\utils\\app.error.ts:14:11)\n    at AuthService.<anonymous> (C:\\Hanif (Penting)\\PURWADHIKA\\Project\\tracker-BE\\src\\modules\\auth\\auth.service.ts:38:13)\n    at Generator.next (<anonymous>)\n    at fulfilled (C:\\Hanif (Penting)\\PURWADHIKA\\Project\\tracker-BE\\src\\modules\\auth\\auth.service.ts:5:58)",
  "path": "/api/parent/register",
  "method": "POST",
  "ip": "::1",
  "statusCode": 400
}
[2025-10-26 13:10:40] ERROR: POST /api/parent/register - Email already used!  {
  "name": "AppError",
  "stack": "AppError: Email already used!\n    at new AppError (C:\\Hanif (Penting)\\PURWADHIKA\\Project\\tracker-BE\\src\\utils\\app.error.ts:14:11)\n    at AuthService.<anonymous> (C:\\Hanif (Penting)\\PURWADHIKA\\Project\\tracker-BE\\src\\modules\\auth\\auth.service.ts:38:13)\n    at Generator.next (<anonymous>)\n    at fulfilled (C:\\Hanif (Penting)\\PURWADHIKA\\Project\\tracker-BE\\src\\modules\\auth\\auth.service.ts:5:58)",
  "path": "/api/parent/register",
  "method": "POST",
  "ip": "::1",
  "statusCode": 400
}
[2025-10-26 13:10:40] ERROR: POST /api/parent/register - Email already used!  {
  "name": "AppError",
  "stack": "AppError: Email already used!\n    at new AppError (C:\\Hanif (Penting)\\PURWADHIKA\\Project\\tracker-BE\\src\\utils\\app.error.ts:14:11)\n    at AuthService.<anonymous> (C:\\Hanif (Penting)\\PURWADHIKA\\Project\\tracker-BE\\src\\modules\\auth\\auth.service.ts:38:13)\n    at Generator.next (<anonymous>)\n    at fulfilled (C:\\Hanif (Penting)\\PURWADHIKA\\Project\\tracker-BE\\src\\modules\\auth\\auth.service.ts:5:58)",
  "path": "/api/parent/register",
  "method": "POST",
  "ip": "::1",
  "statusCode": 400
}
[2025-10-26 13:10:41] ERROR: POST /api/parent/register - Email already used!  {
  "name": "AppError",
  "stack": "AppError: Email already used!\n    at new AppError (C:\\Hanif (Penting)\\PURWADHIKA\\Project\\tracker-BE\\src\\utils\\app.error.ts:14:11)\n    at AuthService.<anonymous> (C:\\Hanif (Penting)\\PURWADHIKA\\Project\\tracker-BE\\src\\modules\\auth\\auth.service.ts:38:13)\n    at Generator.next (<anonymous>)\n    at fulfilled (C:\\Hanif (Penting)\\PURWADHIKA\\Project\\tracker-BE\\src\\modules\\auth\\auth.service.ts:5:58)",
  "path": "/api/parent/register",
  "method": "POST",
  "ip": "::1",
  "statusCode": 400
}
[2025-10-26 13:10:42] ERROR: POST /api/parent/register - Email already used!  {
  "name": "AppError",
  "stack": "AppError: Email already used!\n    at new AppError (C:\\Hanif (Penting)\\PURWADHIKA\\Project\\tracker-BE\\src\\utils\\app.error.ts:14:11)\n    at AuthService.<anonymous> (C:\\Hanif (Penting)\\PURWADHIKA\\Project\\tracker-BE\\src\\modules\\auth\\auth.service.ts:38:13)\n    at Generator.next (<anonymous>)\n    at fulfilled (C:\\Hanif (Penting)\\PURWADHIKA\\Project\\tracker-BE\\src\\modules\\auth\\auth.service.ts:5:58)",
  "path": "/api/parent/register",
  "method": "POST",
  "ip": "::1",
  "statusCode": 400
}
[2025-10-26 13:10:43] ERROR: POST /api/parent/register - Email already used!  {
  "name": "AppError",
  "stack": "AppError: Email already used!\n    at new AppError (C:\\Hanif (Penting)\\PURWADHIKA\\Project\\tracker-BE\\src\\utils\\app.error.ts:14:11)\n    at AuthService.<anonymous> (C:\\Hanif (Penting)\\PURWADHIKA\\Project\\tracker-BE\\src\\modules\\auth\\auth.service.ts:38:13)\n    at Generator.next (<anonymous>)\n    at fulfilled (C:\\Hanif (Penting)\\PURWADHIKA\\Project\\tracker-BE\\src\\modules\\auth\\auth.service.ts:5:58)",
  "path": "/api/parent/register",
  "method": "POST",
  "ip": "::1",
  "statusCode": 400
}
[2025-10-26 13:13:22] ERROR: PATCH /api/child/pairing - Code must be provide!  {
  "name": "AppError",
  "stack": "AppError: Code must be provide!\n    at new AppError (C:\\Hanif (Penting)\\PURWADHIKA\\Project\\tracker-BE\\src\\utils\\app.error.ts:14:11)\n    at AuthService.<anonymous> (C:\\Hanif (Penting)\\PURWADHIKA\\Project\\tracker-BE\\src\\modules\\auth\\auth.service.ts:177:13)\n    at Generator.next (<anonymous>)\n    at fulfilled (C:\\Hanif (Penting)\\PURWADHIKA\\Project\\tracker-BE\\src\\modules\\auth\\auth.service.ts:5:58)",
  "path": "/api/child/pairing",
  "method": "PATCH",
  "ip": "::1",
  "statusCode": 400
}
[2025-10-26 16:01:18] ERROR: POST /api/parent/create-child - jwt expired  {
  "name": "TokenExpiredError",
  "stack": "TokenExpiredError: jwt expired\n    at C:\\Hanif (Penting)\\PURWADHIKA\\Project\\tracker-BE\\node_modules\\jsonwebtoken\\verify.js:190:21\n    at getSecret (C:\\Hanif (Penting)\\PURWADHIKA\\Project\\tracker-BE\\node_modules\\jsonwebtoken\\verify.js:97:14)\n    at Object.module.exports [as verify] (C:\\Hanif (Penting)\\PURWADHIKA\\Project\\tracker-BE\\node_modules\\jsonwebtoken\\verify.js:101:10)\n    at C:\\Hanif (Penting)\\PURWADHIKA\\Project\\tracker-BE\\src\\middlewares\\jwt-verify.middleware.ts:11:33\n    at Generator.next (<anonymous>)\n    at C:\\Hanif (Penting)\\PURWADHIKA\\Project\\tracker-BE\\src\\middlewares\\jwt-verify.middleware.ts:8:71\n    at new Promise (<anonymous>)\n    at __awaiter (C:\\Hanif (Penting)\\PURWADHIKA\\Project\\tracker-BE\\src\\middlewares\\jwt-verify.middleware.ts:4:12)\n    at verifyToken (C:\\Hanif (Penting)\\PURWADHIKA\\Project\\tracker-BE\\src\\middlewares\\jwt-verify.middleware.ts:20:16)\n    at Layer.handleRequest (C:\\Hanif (Penting)\\PURWADHIKA\\Project\\tracker-BE\\node_modules\\router\\lib\\layer.js:152:17)",
  "path": "/api/parent/create-child",
  "method": "POST",
  "ip": "::1",
  "statusCode": 401
}
[2025-10-26 16:01:35] ERROR: POST /api/parent/create-child - User role unauthorized access  {
  "name": "AppError",
  "stack": "AppError: User role unauthorized access\n    at new AppError (C:\\Hanif (Penting)\\PURWADHIKA\\Project\\tracker-BE\\src\\utils\\app.error.ts:14:11)\n    at Function.<anonymous> (C:\\Hanif (Penting)\\PURWADHIKA\\Project\\tracker-BE\\src\\middlewares\\jwt-verify.middleware.ts:25:17)\n    at Generator.next (<anonymous>)\n    at C:\\Hanif (Penting)\\PURWADHIKA\\Project\\tracker-BE\\src\\middlewares\\jwt-verify.middleware.ts:8:71\n    at new Promise (<anonymous>)\n    at __awaiter (C:\\Hanif (Penting)\\PURWADHIKA\\Project\\tracker-BE\\src\\middlewares\\jwt-verify.middleware.ts:4:12)\n    at C:\\Hanif (Penting)\\PURWADHIKA\\Project\\tracker-BE\\src\\middlewares\\jwt-verify.middleware.ts:20:70\n    at Layer.handleRequest (C:\\Hanif (Penting)\\PURWADHIKA\\Project\\tracker-BE\\node_modules\\router\\lib\\layer.js:152:17)\n    at next (C:\\Hanif (Penting)\\PURWADHIKA\\Project\\tracker-BE\\node_modules\\router\\lib\\route.js:157:13)\n    at C:\\Hanif (Penting)\\PURWADHIKA\\Project\\tracker-BE\\src\\middlewares\\jwt-verify.middleware.ts:13:7",
  "path": "/api/parent/create-child",
  "method": "POST",
  "ip": "::1",
  "statusCode": 401
}
[2025-10-26 16:15:50] ERROR: POST /api/parent/create-child - jwt expired  {
  "name": "TokenExpiredError",
  "stack": "TokenExpiredError: jwt expired\n    at C:\\Hanif (Penting)\\PURWADHIKA\\Project\\tracker-BE\\node_modules\\jsonwebtoken\\verify.js:190:21\n    at getSecret (C:\\Hanif (Penting)\\PURWADHIKA\\Project\\tracker-BE\\node_modules\\jsonwebtoken\\verify.js:97:14)\n    at Object.module.exports [as verify] (C:\\Hanif (Penting)\\PURWADHIKA\\Project\\tracker-BE\\node_modules\\jsonwebtoken\\verify.js:101:10)\n    at C:\\Hanif (Penting)\\PURWADHIKA\\Project\\tracker-BE\\src\\middlewares\\jwt-verify.middleware.ts:11:33\n    at Generator.next (<anonymous>)\n    at C:\\Hanif (Penting)\\PURWADHIKA\\Project\\tracker-BE\\src\\middlewares\\jwt-verify.middleware.ts:8:71\n    at new Promise (<anonymous>)\n    at __awaiter (C:\\Hanif (Penting)\\PURWADHIKA\\Project\\tracker-BE\\src\\middlewares\\jwt-verify.middleware.ts:4:12)\n    at verifyToken (C:\\Hanif (Penting)\\PURWADHIKA\\Project\\tracker-BE\\src\\middlewares\\jwt-verify.middleware.ts:20:16)\n    at Layer.handleRequest (C:\\Hanif (Penting)\\PURWADHIKA\\Project\\tracker-BE\\node_modules\\router\\lib\\layer.js:152:17)",
  "path": "/api/parent/create-child",
  "method": "POST",
  "ip": "::1",
  "statusCode": 401
}
[2025-10-26 16:30:48] ERROR: POST /api/parent/login - Invalid Password!  {
  "name": "AppError",
  "stack": "AppError: Invalid Password!\n    at new AppError (C:\\Hanif (Penting)\\PURWADHIKA\\Project\\tracker-BE\\src\\utils\\app.error.ts:14:11)\n    at AuthService.<anonymous> (C:\\Hanif (Penting)\\PURWADHIKA\\Project\\tracker-BE\\src\\modules\\auth\\auth.service.ts:121:13)\n    at Generator.next (<anonymous>)\n    at fulfilled (C:\\Hanif (Penting)\\PURWADHIKA\\Project\\tracker-BE\\src\\modules\\auth\\auth.service.ts:5:58)",
  "path": "/api/parent/login",
  "method": "POST",
  "ip": "::1",
  "statusCode": 401
}
[2025-10-26 20:05:56] ERROR: POST /api/child/login - pin should not be empty  {
  "name": "AppError",
  "stack": "AppError: pin should not be empty\n    at new AppError (C:\\Hanif (Penting)\\PURWADHIKA\\Project\\tracker-BE\\src\\utils\\app.error.ts:14:11)\n    at C:\\Hanif (Penting)\\PURWADHIKA\\Project\\tracker-BE\\src\\middlewares\\validate.middleware.ts:18:13\n    at Generator.next (<anonymous>)\n    at fulfilled (C:\\Hanif (Penting)\\PURWADHIKA\\Project\\tracker-BE\\src\\middlewares\\validate.middleware.ts:5:58)",
  "path": "/api/child/login",
  "method": "POST",
  "ip": "::1",
  "statusCode": 400
}
[2025-10-26 20:06:10] ERROR: POST /api/child/login - pin should not be empty  {
  "name": "AppError",
  "stack": "AppError: pin should not be empty\n    at new AppError (C:\\Hanif (Penting)\\PURWADHIKA\\Project\\tracker-BE\\src\\utils\\app.error.ts:14:11)\n    at C:\\Hanif (Penting)\\PURWADHIKA\\Project\\tracker-BE\\src\\middlewares\\validate.middleware.ts:18:13\n    at Generator.next (<anonymous>)\n    at fulfilled (C:\\Hanif (Penting)\\PURWADHIKA\\Project\\tracker-BE\\src\\middlewares\\validate.middleware.ts:5:58)",
  "path": "/api/child/login",
  "method": "POST",
  "ip": "::1",
  "statusCode": 400
}
[2025-10-26 20:06:11] ERROR: POST /api/child/login - pin should not be empty  {
  "name": "AppError",
  "stack": "AppError: pin should not be empty\n    at new AppError (C:\\Hanif (Penting)\\PURWADHIKA\\Project\\tracker-BE\\src\\utils\\app.error.ts:14:11)\n    at C:\\Hanif (Penting)\\PURWADHIKA\\Project\\tracker-BE\\src\\middlewares\\validate.middleware.ts:18:13\n    at Generator.next (<anonymous>)\n    at fulfilled (C:\\Hanif (Penting)\\PURWADHIKA\\Project\\tracker-BE\\src\\middlewares\\validate.middleware.ts:5:58)",
  "path": "/api/child/login",
  "method": "POST",
  "ip": "::1",
  "statusCode": 400
}
[2025-10-26 20:28:23] ERROR: PATCH /api/child/pairing - Code must be provide!  {
  "name": "AppError",
  "stack": "AppError: Code must be provide!\n    at new AppError (C:\\Hanif (Penting)\\PURWADHIKA\\Project\\tracker-BE\\src\\utils\\app.error.ts:14:11)\n    at AuthService.<anonymous> (C:\\Hanif (Penting)\\PURWADHIKA\\Project\\tracker-BE\\src\\modules\\auth\\auth.service.ts:177:13)\n    at Generator.next (<anonymous>)\n    at fulfilled (C:\\Hanif (Penting)\\PURWADHIKA\\Project\\tracker-BE\\src\\modules\\auth\\auth.service.ts:5:58)",
  "path": "/api/child/pairing",
  "method": "PATCH",
  "ip": "::1",
  "statusCode": 400
}
