[2025-08-05 12:06:36] ERROR: POST /api/samples - Sample data is not found  {
  "name": "AppError",
  "stack": "AppError: Sample data is not found\n    at new AppError (D:\\Workspace\\minpro-finpro\\pwd-template-api\\src\\utils\\app.error.ts:14:11)\n    at SampleController.<anonymous> (D:\\Workspace\\minpro-finpro\\pwd-template-api\\src\\controllers\\sample.controller.ts:24:30)\n    at Generator.next (<anonymous>)\n    at fulfilled (D:\\Workspace\\minpro-finpro\\pwd-template-api\\src\\controllers\\sample.controller.ts:5:58)\n    at processTicksAndRejections (node:internal/process/task_queues:95:5)",
  "path": "/api/samples",
  "method": "POST",
  "ip": "::1",
  "statusCode": 404
}
[2025-10-22 10:27:41] ERROR: POST /api/parent/register - Email already used!  {
  "name": "AppError",
  "stack": "AppError: Email already used!\n    at new AppError (C:\\Hanif (Penting)\\PURWADHIKA\\Project\\tracker-BE\\src\\utils\\app.error.ts:14:11)\n    at AuthService.<anonymous> (C:\\Hanif (Penting)\\PURWADHIKA\\Project\\tracker-BE\\src\\modules\\auth\\auth.service.ts:19:13)\n    at Generator.next (<anonymous>)\n    at fulfilled (C:\\Hanif (Penting)\\PURWADHIKA\\Project\\tracker-BE\\src\\modules\\auth\\auth.service.ts:5:58)",
  "path": "/api/parent/register",
  "method": "POST",
  "ip": "::1",
  "statusCode": 400
}
[2025-10-22 18:11:11] ERROR: POST /api/parent/create-child - parentId must be a UUID,parentId should not be empty  {
  "name": "AppError",
  "stack": "AppError: parentId must be a UUID,parentId should not be empty\n    at new AppError (C:\\Hanif (Penting)\\PURWADHIKA\\Project\\tracker-BE\\src\\utils\\app.error.ts:14:11)\n    at C:\\Hanif (Penting)\\PURWADHIKA\\Project\\tracker-BE\\src\\middlewares\\validate.middleware.ts:18:13\n    at Generator.next (<anonymous>)\n    at fulfilled (C:\\Hanif (Penting)\\PURWADHIKA\\Project\\tracker-BE\\src\\middlewares\\validate.middleware.ts:5:58)",
  "path": "/api/parent/create-child",
  "method": "POST",
  "ip": "::1",
  "statusCode": 400
}
[2025-10-22 18:11:52] ERROR: POST /api/parent/create-child - Only parent can create!  {
  "name": "AppError",
  "stack": "AppError: Only parent can create!\n    at new AppError (C:\\Hanif (Penting)\\PURWADHIKA\\Project\\tracker-BE\\src\\utils\\app.error.ts:14:11)\n    at AuthService.<anonymous> (C:\\Hanif (Penting)\\PURWADHIKA\\Project\\tracker-BE\\src\\modules\\auth\\auth.service.ts:114:13)\n    at Generator.next (<anonymous>)\n    at C:\\Hanif (Penting)\\PURWADHIKA\\Project\\tracker-BE\\src\\modules\\auth\\auth.service.ts:8:71\n    at new Promise (<anonymous>)\n    at __awaiter (C:\\Hanif (Penting)\\PURWADHIKA\\Project\\tracker-BE\\src\\modules\\auth\\auth.service.ts:4:12)\n    at AuthService.createChild (C:\\Hanif (Penting)\\PURWADHIKA\\Project\\tracker-BE\\src\\modules\\auth\\auth.service.ts:112:60)\n    at AuthController.<anonymous> (C:\\Hanif (Penting)\\PURWADHIKA\\Project\\tracker-BE\\src\\modules\\auth\\auth.controller.ts:36:43)\n    at Generator.next (<anonymous>)\n    at C:\\Hanif (Penting)\\PURWADHIKA\\Project\\tracker-BE\\src\\modules\\auth\\auth.controller.ts:8:71",
  "path": "/api/parent/create-child",
  "method": "POST",
  "ip": "::1",
  "statusCode": 400
}
[2025-10-23 19:29:11] ERROR: POST /api/parent/register - Email already used!  {
  "name": "AppError",
  "stack": "AppError: Email already used!\n    at new AppError (C:\\Hanif (Penting)\\PURWADHIKA\\Project\\tracker-BE\\src\\utils\\app.error.ts:14:11)\n    at AuthService.<anonymous> (C:\\Hanif (Penting)\\PURWADHIKA\\Project\\tracker-BE\\src\\modules\\auth\\auth.service.ts:29:13)\n    at Generator.next (<anonymous>)\n    at fulfilled (C:\\Hanif (Penting)\\PURWADHIKA\\Project\\tracker-BE\\src\\modules\\auth\\auth.service.ts:5:58)",
  "path": "/api/parent/register",
  "method": "POST",
  "ip": "::1",
  "statusCode": 400
}
[2025-10-23 20:20:43] ERROR: POST /api/parent/register - Email already used!  {
  "name": "AppError",
  "stack": "AppError: Email already used!\n    at new AppError (C:\\Hanif (Penting)\\PURWADHIKA\\Project\\tracker-BE\\src\\utils\\app.error.ts:14:11)\n    at AuthService.<anonymous> (C:\\Hanif (Penting)\\PURWADHIKA\\Project\\tracker-BE\\src\\modules\\auth\\auth.service.ts:29:13)\n    at Generator.next (<anonymous>)\n    at fulfilled (C:\\Hanif (Penting)\\PURWADHIKA\\Project\\tracker-BE\\src\\modules\\auth\\auth.service.ts:5:58)",
  "path": "/api/parent/register",
  "method": "POST",
  "ip": "::1",
  "statusCode": 400
}
[2025-10-24 07:48:40] ERROR: POST /api/parent/login - Invalid Password!  {
  "name": "AppError",
  "stack": "AppError: Invalid Password!\n    at new AppError (C:\\Hanif (Penting)\\PURWADHIKA\\Project\\tracker-BE\\src\\utils\\app.error.ts:14:11)\n    at AuthService.<anonymous> (C:\\Hanif (Penting)\\PURWADHIKA\\Project\\tracker-BE\\src\\modules\\auth\\auth.service.ts:106:13)\n    at Generator.next (<anonymous>)\n    at fulfilled (C:\\Hanif (Penting)\\PURWADHIKA\\Project\\tracker-BE\\src\\modules\\auth\\auth.service.ts:5:58)",
  "path": "/api/parent/login",
  "method": "POST",
  "ip": "::1",
  "statusCode": 400
}
[2025-10-24 11:01:19] ERROR: POST /api/auth/refresh - No refresh token  {
  "name": "AppError",
  "stack": "AppError: No refresh token\n    at new AppError (C:\\Hanif (Penting)\\PURWADHIKA\\Project\\tracker-BE\\src\\utils\\app.error.ts:14:11)\n    at AuthController.<anonymous> (C:\\Hanif (Penting)\\PURWADHIKA\\Project\\tracker-BE\\src\\modules\\auth\\auth.controller.ts:52:21)\n    at Generator.next (<anonymous>)\n    at C:\\Hanif (Penting)\\PURWADHIKA\\Project\\tracker-BE\\src\\modules\\auth\\auth.controller.ts:8:71\n    at new Promise (<anonymous>)\n    at __awaiter (C:\\Hanif (Penting)\\PURWADHIKA\\Project\\tracker-BE\\src\\modules\\auth\\auth.controller.ts:4:12)\n    at AuthController.parentRefresh (C:\\Hanif (Penting)\\PURWADHIKA\\Project\\tracker-BE\\src\\modules\\auth\\auth.controller.ts:50:57)\n    at Layer.handleRequest (C:\\Hanif (Penting)\\PURWADHIKA\\Project\\tracker-BE\\node_modules\\router\\lib\\layer.js:152:17)\n    at next (C:\\Hanif (Penting)\\PURWADHIKA\\Project\\tracker-BE\\node_modules\\router\\lib\\route.js:157:13)\n    at Route.dispatch (C:\\Hanif (Penting)\\PURWADHIKA\\Project\\tracker-BE\\node_modules\\router\\lib\\route.js:117:3)",
  "path": "/api/auth/refresh",
  "method": "POST",
  "ip": "::1",
  "statusCode": 401
}
[2025-10-24 11:01:47] ERROR: POST /api/auth/refresh - No refresh token  {
  "name": "AppError",
  "stack": "AppError: No refresh token\n    at new AppError (C:\\Hanif (Penting)\\PURWADHIKA\\Project\\tracker-BE\\src\\utils\\app.error.ts:14:11)\n    at AuthController.<anonymous> (C:\\Hanif (Penting)\\PURWADHIKA\\Project\\tracker-BE\\src\\modules\\auth\\auth.controller.ts:52:21)\n    at Generator.next (<anonymous>)\n    at C:\\Hanif (Penting)\\PURWADHIKA\\Project\\tracker-BE\\src\\modules\\auth\\auth.controller.ts:8:71\n    at new Promise (<anonymous>)\n    at __awaiter (C:\\Hanif (Penting)\\PURWADHIKA\\Project\\tracker-BE\\src\\modules\\auth\\auth.controller.ts:4:12)\n    at AuthController.parentRefresh (C:\\Hanif (Penting)\\PURWADHIKA\\Project\\tracker-BE\\src\\modules\\auth\\auth.controller.ts:50:57)\n    at Layer.handleRequest (C:\\Hanif (Penting)\\PURWADHIKA\\Project\\tracker-BE\\node_modules\\router\\lib\\layer.js:152:17)\n    at next (C:\\Hanif (Penting)\\PURWADHIKA\\Project\\tracker-BE\\node_modules\\router\\lib\\route.js:157:13)\n    at Route.dispatch (C:\\Hanif (Penting)\\PURWADHIKA\\Project\\tracker-BE\\node_modules\\router\\lib\\route.js:117:3)",
  "path": "/api/auth/refresh",
  "method": "POST",
  "ip": "::1",
  "statusCode": 401
}
